Requirement already satisfied: pip in ./venv/lib/python3.13/site-packages (25.3)
Requirement already satisfied: selenium==4.27.1 in ./venv/lib/python3.13/site-packages (from -r requirements.txt (line 2)) (4.27.1)
Requirement already satisfied: webdriver-manager==4.0.2 in ./venv/lib/python3.13/site-packages (from -r requirements.txt (line 3)) (4.0.2)
Requirement already satisfied: sqlalchemy==2.0.36 in ./venv/lib/python3.13/site-packages (from -r requirements.txt (line 6)) (2.0.36)
Requirement already satisfied: greenlet==3.1.1 in ./venv/lib/python3.13/site-packages (from -r requirements.txt (line 7)) (3.1.1)
Requirement already satisfied: alembic==1.14.0 in ./venv/lib/python3.13/site-packages (from -r requirements.txt (line 8)) (1.14.0)
Requirement already satisfied: flask==3.1.0 in ./venv/lib/python3.13/site-packages (from -r requirements.txt (line 11)) (3.1.0)
Requirement already satisfied: flask-cors==5.0.0 in ./venv/lib/python3.13/site-packages (from -r requirements.txt (line 12)) (5.0.0)
Requirement already satisfied: fastapi==0.115.6 in ./venv/lib/python3.13/site-packages (from -r requirements.txt (line 13)) (0.115.6)
Requirement already satisfied: uvicorn==0.32.1 in ./venv/lib/python3.13/site-packages (from uvicorn[standard]==0.32.1->-r requirements.txt (line 14)) (0.32.1)
Requirement already satisfied: fastapi-jwt-extended==1.0.0 in ./venv/lib/python3.13/site-packages (from -r requirements.txt (line 15)) (1.0.0)
Requirement already satisfied: python-multipart==0.0.17 in ./venv/lib/python3.13/site-packages (from -r requirements.txt (line 16)) (0.0.17)
Requirement already satisfied: asyncpg==0.30.0 in ./venv/lib/python3.13/site-packages (from -r requirements.txt (line 19)) (0.30.0)
Requirement already satisfied: redis==5.1.1 in ./venv/lib/python3.13/site-packages (from -r requirements.txt (line 20)) (5.1.1)
Requirement already satisfied: pandas==2.2.3 in ./venv/lib/python3.13/site-packages (from -r requirements.txt (line 23)) (2.2.3)
Requirement already satisfied: numpy==2.2.1 in ./venv/lib/python3.13/site-packages (from -r requirements.txt (line 24)) (2.2.1)
Requirement already satisfied: beautifulsoup4==4.12.3 in ./venv/lib/python3.13/site-packages (from -r requirements.txt (line 25)) (4.12.3)
Requirement already satisfied: strawberry-graphql==0.208.0 in ./venv/lib/python3.13/site-packages (from -r requirements.txt (line 26)) (0.208.0)
Requirement already satisfied: graphql-core==3.2.5 in ./venv/lib/python3.13/site-packages (from -r requirements.txt (line 27)) (3.2.5)
Requirement already satisfied: lxml==5.3.0 in ./venv/lib/python3.13/site-packages (from -r requirements.txt (line 28)) (5.3.0)
Requirement already satisfied: requests==2.32.3 in ./venv/lib/python3.13/site-packages (from -r requirements.txt (line 31)) (2.32.3)
Requirement already satisfied: urllib3==2.2.3 in ./venv/lib/python3.13/site-packages (from -r requirements.txt (line 32)) (2.2.3)
Requirement already satisfied: pyyaml==6.0.2 in ./venv/lib/python3.13/site-packages (from -r requirements.txt (line 35)) (6.0.2)
Requirement already satisfied: python-dotenv==1.0.1 in ./venv/lib/python3.13/site-packages (from -r requirements.txt (line 36)) (1.0.1)
Requirement already satisfied: validators==0.34.0 in ./venv/lib/python3.13/site-packages (from -r requirements.txt (line 39)) (0.34.0)
Requirement already satisfied: phonenumbers==8.13.50 in ./venv/lib/python3.13/site-packages (from -r requirements.txt (line 40)) (8.13.50)
Requirement already satisfied: email-validator==2.2.0 in ./venv/lib/python3.13/site-packages (from -r requirements.txt (line 41)) (2.2.0)
Requirement already satisfied: openpyxl==3.1.5 in ./venv/lib/python3.13/site-packages (from -r requirements.txt (line 44)) (3.1.5)
Requirement already satisfied: xlsxwriter==3.2.0 in ./venv/lib/python3.13/site-packages (from -r requirements.txt (line 45)) (3.2.0)
Requirement already satisfied: ollama==0.4.4 in ./venv/lib/python3.13/site-packages (from -r requirements.txt (line 48)) (0.4.4)
Requirement already satisfied: plotly==5.24.1 in ./venv/lib/python3.13/site-packages (from -r requirements.txt (line 51)) (5.24.1)
Requirement already satisfied: matplotlib==3.10.0 in ./venv/lib/python3.13/site-packages (from -r requirements.txt (line 52)) (3.10.0)
Requirement already satisfied: colorlog==6.9.0 in ./venv/lib/python3.13/site-packages (from -r requirements.txt (line 55)) (6.9.0)
Requirement already satisfied: prometheus-client==0.21.1 in ./venv/lib/python3.13/site-packages (from -r requirements.txt (line 56)) (0.21.1)
Requirement already satisfied: opentelemetry-api==1.21.0 in ./venv/lib/python3.13/site-packages (from -r requirements.txt (line 57)) (1.21.0)
Requirement already satisfied: opentelemetry-sdk==1.21.0 in ./venv/lib/python3.13/site-packages (from -r requirements.txt (line 58)) (1.21.0)
Requirement already satisfied: opentelemetry-exporter-jaeger==1.21.0 in ./venv/lib/python3.13/site-packages (from -r requirements.txt (line 59)) (1.21.0)
Requirement already satisfied: opentelemetry-instrumentation-fastapi==0.42b0 in ./venv/lib/python3.13/site-packages (from -r requirements.txt (line 60)) (0.42b0)
Requirement already satisfied: pinecone-client==6.0.0 in ./venv/lib/python3.13/site-packages (from -r requirements.txt (line 63)) (6.0.0)
Requirement already satisfied: web3==6.15.0 in ./venv/lib/python3.13/site-packages (from -r requirements.txt (line 64)) (6.15.0)
Requirement already satisfied: celery==5.4.0 in ./venv/lib/python3.13/site-packages (from -r requirements.txt (line 67)) (5.4.0)
Requirement already satisfied: bcrypt==4.2.1 in ./venv/lib/python3.13/site-packages (from -r requirements.txt (line 70)) (4.2.1)
Requirement already satisfied: python-jose==3.3.0 in ./venv/lib/python3.13/site-packages (from python-jose[cryptography]==3.3.0->-r requirements.txt (line 71)) (3.3.0)
Requirement already satisfied: cryptography==43.0.1 in ./venv/lib/python3.13/site-packages (from -r requirements.txt (line 72)) (43.0.1)
Requirement already satisfied: pytest==8.3.4 in ./venv/lib/python3.13/site-packages (from -r requirements.txt (line 75)) (8.3.4)
Requirement already satisfied: pytest-cov==6.0.0 in ./venv/lib/python3.13/site-packages (from -r requirements.txt (line 76)) (6.0.0)
Requirement already satisfied: tqdm==4.67.1 in ./venv/lib/python3.13/site-packages (from -r requirements.txt (line 79)) (4.67.1)
Requirement already satisfied: schedule==1.2.2 in ./venv/lib/python3.13/site-packages (from -r requirements.txt (line 80)) (1.2.2)
Requirement already satisfied: trio~=0.17 in ./venv/lib/python3.13/site-packages (from selenium==4.27.1->-r requirements.txt (line 2)) (0.32.0)
Requirement already satisfied: trio-websocket~=0.9 in ./venv/lib/python3.13/site-packages (from selenium==4.27.1->-r requirements.txt (line 2)) (0.12.2)
Requirement already satisfied: certifi>=2021.10.8 in ./venv/lib/python3.13/site-packages (from selenium==4.27.1->-r requirements.txt (line 2)) (2025.11.12)
Requirement already satisfied: typing_extensions~=4.9 in ./venv/lib/python3.13/site-packages (from selenium==4.27.1->-r requirements.txt (line 2)) (4.15.0)
Requirement already satisfied: websocket-client~=1.8 in ./venv/lib/python3.13/site-packages (from selenium==4.27.1->-r requirements.txt (line 2)) (1.9.0)
Requirement already satisfied: packaging in ./venv/lib/python3.13/site-packages (from webdriver-manager==4.0.2->-r requirements.txt (line 3)) (25.0)
Requirement already satisfied: Mako in ./venv/lib/python3.13/site-packages (from alembic==1.14.0->-r requirements.txt (line 8)) (1.3.10)
Requirement already satisfied: Werkzeug>=3.1 in ./venv/lib/python3.13/site-packages (from flask==3.1.0->-r requirements.txt (line 11)) (3.1.4)
Requirement already satisfied: Jinja2>=3.1.2 in ./venv/lib/python3.13/site-packages (from flask==3.1.0->-r requirements.txt (line 11)) (3.1.6)
Requirement already satisfied: itsdangerous>=2.2 in ./venv/lib/python3.13/site-packages (from flask==3.1.0->-r requirements.txt (line 11)) (2.2.0)
Requirement already satisfied: click>=8.1.3 in ./venv/lib/python3.13/site-packages (from flask==3.1.0->-r requirements.txt (line 11)) (8.3.1)
Requirement already satisfied: blinker>=1.9 in ./venv/lib/python3.13/site-packages (from flask==3.1.0->-r requirements.txt (line 11)) (1.9.0)
Requirement already satisfied: starlette<0.42.0,>=0.40.0 in ./venv/lib/python3.13/site-packages (from fastapi==0.115.6->-r requirements.txt (line 13)) (0.41.3)
Requirement already satisfied: pydantic!=1.8,!=1.8.1,!=2.0.0,!=2.0.1,!=2.1.0,<3.0.0,>=1.7.4 in ./venv/lib/python3.13/site-packages (from fastapi==0.115.6->-r requirements.txt (line 13)) (2.12.5)
Requirement already satisfied: h11>=0.8 in ./venv/lib/python3.13/site-packages (from uvicorn==0.32.1->uvicorn[standard]==0.32.1->-r requirements.txt (line 14)) (0.16.0)
Requirement already satisfied: python-dateutil>=2.8.2 in ./venv/lib/python3.13/site-packages (from pandas==2.2.3->-r requirements.txt (line 23)) (2.9.0.post0)
Requirement already satisfied: pytz>=2020.1 in ./venv/lib/python3.13/site-packages (from pandas==2.2.3->-r requirements.txt (line 23)) (2025.2)
Requirement already satisfied: tzdata>=2022.7 in ./venv/lib/python3.13/site-packages (from pandas==2.2.3->-r requirements.txt (line 23)) (2025.3)
Requirement already satisfied: soupsieve>1.2 in ./venv/lib/python3.13/site-packages (from beautifulsoup4==4.12.3->-r requirements.txt (line 25)) (2.8.1)
Requirement already satisfied: charset-normalizer<4,>=2 in ./venv/lib/python3.13/site-packages (from requests==2.32.3->-r requirements.txt (line 31)) (3.4.4)
Requirement already satisfied: idna<4,>=2.5 in ./venv/lib/python3.13/site-packages (from requests==2.32.3->-r requirements.txt (line 31)) (3.11)
Requirement already satisfied: dnspython>=2.0.0 in ./venv/lib/python3.13/site-packages (from email-validator==2.2.0->-r requirements.txt (line 41)) (2.8.0)
Requirement already satisfied: et-xmlfile in ./venv/lib/python3.13/site-packages (from openpyxl==3.1.5->-r requirements.txt (line 44)) (2.0.0)
Requirement already satisfied: httpx<0.28.0,>=0.27.0 in ./venv/lib/python3.13/site-packages (from ollama==0.4.4->-r requirements.txt (line 48)) (0.27.2)
Requirement already satisfied: tenacity>=6.2.0 in ./venv/lib/python3.13/site-packages (from plotly==5.24.1->-r requirements.txt (line 51)) (9.1.2)
Requirement already satisfied: contourpy>=1.0.1 in ./venv/lib/python3.13/site-packages (from matplotlib==3.10.0->-r requirements.txt (line 52)) (1.3.3)
Requirement already satisfied: cycler>=0.10 in ./venv/lib/python3.13/site-packages (from matplotlib==3.10.0->-r requirements.txt (line 52)) (0.12.1)
Requirement already satisfied: fonttools>=4.22.0 in ./venv/lib/python3.13/site-packages (from matplotlib==3.10.0->-r requirements.txt (line 52)) (4.61.1)
Requirement already satisfied: kiwisolver>=1.3.1 in ./venv/lib/python3.13/site-packages (from matplotlib==3.10.0->-r requirements.txt (line 52)) (1.4.9)
Requirement already satisfied: pillow>=8 in ./venv/lib/python3.13/site-packages (from matplotlib==3.10.0->-r requirements.txt (line 52)) (12.0.0)
Requirement already satisfied: pyparsing>=2.3.1 in ./venv/lib/python3.13/site-packages (from matplotlib==3.10.0->-r requirements.txt (line 52)) (3.3.0)
Requirement already satisfied: deprecated>=1.2.6 in ./venv/lib/python3.13/site-packages (from opentelemetry-api==1.21.0->-r requirements.txt (line 57)) (1.3.1)
Requirement already satisfied: importlib-metadata<7.0,>=6.0 in ./venv/lib/python3.13/site-packages (from opentelemetry-api==1.21.0->-r requirements.txt (line 57)) (6.11.0)
Requirement already satisfied: opentelemetry-semantic-conventions==0.42b0 in ./venv/lib/python3.13/site-packages (from opentelemetry-sdk==1.21.0->-r requirements.txt (line 58)) (0.42b0)
Requirement already satisfied: opentelemetry-exporter-jaeger-proto-grpc==1.21.0 in ./venv/lib/python3.13/site-packages (from opentelemetry-exporter-jaeger==1.21.0->-r requirements.txt (line 59)) (1.21.0)
Requirement already satisfied: opentelemetry-exporter-jaeger-thrift==1.21.0 in ./venv/lib/python3.13/site-packages (from opentelemetry-exporter-jaeger==1.21.0->-r requirements.txt (line 59)) (1.21.0)
Requirement already satisfied: opentelemetry-instrumentation-asgi==0.42b0 in ./venv/lib/python3.13/site-packages (from opentelemetry-instrumentation-fastapi==0.42b0->-r requirements.txt (line 60)) (0.42b0)
Requirement already satisfied: opentelemetry-instrumentation==0.42b0 in ./venv/lib/python3.13/site-packages (from opentelemetry-instrumentation-fastapi==0.42b0->-r requirements.txt (line 60)) (0.42b0)
Requirement already satisfied: opentelemetry-util-http==0.42b0 in ./venv/lib/python3.13/site-packages (from opentelemetry-instrumentation-fastapi==0.42b0->-r requirements.txt (line 60)) (0.42b0)
Requirement already satisfied: pinecone-plugin-interface<0.0.8,>=0.0.7 in ./venv/lib/python3.13/site-packages (from pinecone-client==6.0.0->-r requirements.txt (line 63)) (0.0.7)
Requirement already satisfied: aiohttp>=3.7.4.post0 in ./venv/lib/python3.13/site-packages (from web3==6.15.0->-r requirements.txt (line 64)) (3.13.2)
Requirement already satisfied: eth-abi>=4.0.0 in ./venv/lib/python3.13/site-packages (from web3==6.15.0->-r requirements.txt (line 64)) (5.2.0)
Requirement already satisfied: eth-account>=0.8.0 in ./venv/lib/python3.13/site-packages (from web3==6.15.0->-r requirements.txt (line 64)) (0.11.3)
Requirement already satisfied: eth-hash>=0.5.1 in ./venv/lib/python3.13/site-packages (from eth-hash[pycryptodome]>=0.5.1->web3==6.15.0->-r requirements.txt (line 64)) (0.7.1)
Requirement already satisfied: eth-typing>=3.0.0 in ./venv/lib/python3.13/site-packages (from web3==6.15.0->-r requirements.txt (line 64)) (5.2.1)
Requirement already satisfied: eth-utils>=2.1.0 in ./venv/lib/python3.13/site-packages (from web3==6.15.0->-r requirements.txt (line 64)) (5.3.1)
Requirement already satisfied: hexbytes<0.4.0,>=0.1.0 in ./venv/lib/python3.13/site-packages (from web3==6.15.0->-r requirements.txt (line 64)) (0.3.1)
Requirement already satisfied: jsonschema>=4.0.0 in ./venv/lib/python3.13/site-packages (from web3==6.15.0->-r requirements.txt (line 64)) (4.25.1)
Requirement already satisfied: lru-dict<1.3.0,>=1.1.6 in ./venv/lib/python3.13/site-packages (from web3==6.15.0->-r requirements.txt (line 64)) (1.2.0)
Requirement already satisfied: protobuf>=4.21.6 in ./venv/lib/python3.13/site-packages (from web3==6.15.0->-r requirements.txt (line 64)) (4.25.8)
Requirement already satisfied: websockets>=10.0.0 in ./venv/lib/python3.13/site-packages (from web3==6.15.0->-r requirements.txt (line 64)) (15.0.1)
Requirement already satisfied: pyunormalize>=15.0.0 in ./venv/lib/python3.13/site-packages (from web3==6.15.0->-r requirements.txt (line 64)) (17.0.0)
Requirement already satisfied: billiard<5.0,>=4.2.0 in ./venv/lib/python3.13/site-packages (from celery==5.4.0->-r requirements.txt (line 67)) (4.2.4)
Requirement already satisfied: kombu<6.0,>=5.3.4 in ./venv/lib/python3.13/site-packages (from celery==5.4.0->-r requirements.txt (line 67)) (5.6.1)
Requirement already satisfied: vine<6.0,>=5.1.0 in ./venv/lib/python3.13/site-packages (from celery==5.4.0->-r requirements.txt (line 67)) (5.1.0)
Requirement already satisfied: click-didyoumean>=0.3.0 in ./venv/lib/python3.13/site-packages (from celery==5.4.0->-r requirements.txt (line 67)) (0.3.1)
Requirement already satisfied: click-repl>=0.2.0 in ./venv/lib/python3.13/site-packages (from celery==5.4.0->-r requirements.txt (line 67)) (0.3.0)
Requirement already satisfied: click-plugins>=1.1.1 in ./venv/lib/python3.13/site-packages (from celery==5.4.0->-r requirements.txt (line 67)) (1.1.1.2)
Requirement already satisfied: ecdsa!=0.15 in ./venv/lib/python3.13/site-packages (from python-jose==3.3.0->python-jose[cryptography]==3.3.0->-r requirements.txt (line 71)) (0.19.1)
Requirement already satisfied: rsa in ./venv/lib/python3.13/site-packages (from python-jose==3.3.0->python-jose[cryptography]==3.3.0->-r requirements.txt (line 71)) (4.9.1)
Requirement already satisfied: pyasn1 in ./venv/lib/python3.13/site-packages (from python-jose==3.3.0->python-jose[cryptography]==3.3.0->-r requirements.txt (line 71)) (0.6.1)
Requirement already satisfied: cffi>=1.12 in ./venv/lib/python3.13/site-packages (from cryptography==43.0.1->-r requirements.txt (line 72)) (2.0.0)
Requirement already satisfied: iniconfig in ./venv/lib/python3.13/site-packages (from pytest==8.3.4->-r requirements.txt (line 75)) (2.3.0)
Requirement already satisfied: pluggy<2,>=1.5 in ./venv/lib/python3.13/site-packages (from pytest==8.3.4->-r requirements.txt (line 75)) (1.6.0)
Requirement already satisfied: coverage>=7.5 in ./venv/lib/python3.13/site-packages (from coverage[toml]>=7.5->pytest-cov==6.0.0->-r requirements.txt (line 76)) (7.13.0)
Requirement already satisfied: googleapis-common-protos<1.60.0,~=1.52 in ./venv/lib/python3.13/site-packages (from opentelemetry-exporter-jaeger-proto-grpc==1.21.0->opentelemetry-exporter-jaeger==1.21.0->-r requirements.txt (line 59)) (1.59.1)
Requirement already satisfied: grpcio<2.0.0,>=1.0.0 in ./venv/lib/python3.13/site-packages (from opentelemetry-exporter-jaeger-proto-grpc==1.21.0->opentelemetry-exporter-jaeger==1.21.0->-r requirements.txt (line 59)) (1.76.0)
Requirement already satisfied: thrift>=0.10.0 in ./venv/lib/python3.13/site-packages (from opentelemetry-exporter-jaeger-thrift==1.21.0->opentelemetry-exporter-jaeger==1.21.0->-r requirements.txt (line 59)) (0.22.0)
Requirement already satisfied: setuptools>=16.0 in ./venv/lib/python3.13/site-packages (from opentelemetry-instrumentation==0.42b0->opentelemetry-instrumentation-fastapi==0.42b0->-r requirements.txt (line 60)) (80.9.0)
Requirement already satisfied: wrapt<2.0.0,>=1.0.0 in ./venv/lib/python3.13/site-packages (from opentelemetry-instrumentation==0.42b0->opentelemetry-instrumentation-fastapi==0.42b0->-r requirements.txt (line 60)) (1.17.3)
Requirement already satisfied: asgiref~=3.0 in ./venv/lib/python3.13/site-packages (from opentelemetry-instrumentation-asgi==0.42b0->opentelemetry-instrumentation-fastapi==0.42b0->-r requirements.txt (line 60)) (3.11.0)
Requirement already satisfied: httptools>=0.6.3 in ./venv/lib/python3.13/site-packages (from uvicorn[standard]==0.32.1->-r requirements.txt (line 14)) (0.7.1)
Requirement already satisfied: uvloop!=0.15.0,!=0.15.1,>=0.14.0 in ./venv/lib/python3.13/site-packages (from uvicorn[standard]==0.32.1->-r requirements.txt (line 14)) (0.22.1)
Requirement already satisfied: watchfiles>=0.13 in ./venv/lib/python3.13/site-packages (from uvicorn[standard]==0.32.1->-r requirements.txt (line 14)) (1.1.1)
Requirement already satisfied: anyio in ./venv/lib/python3.13/site-packages (from httpx<0.28.0,>=0.27.0->ollama==0.4.4->-r requirements.txt (line 48)) (4.12.0)
Requirement already satisfied: httpcore==1.* in ./venv/lib/python3.13/site-packages (from httpx<0.28.0,>=0.27.0->ollama==0.4.4->-r requirements.txt (line 48)) (1.0.9)
Requirement already satisfied: sniffio in ./venv/lib/python3.13/site-packages (from httpx<0.28.0,>=0.27.0->ollama==0.4.4->-r requirements.txt (line 48)) (1.3.1)
Requirement already satisfied: zipp>=0.5 in ./venv/lib/python3.13/site-packages (from importlib-metadata<7.0,>=6.0->opentelemetry-api==1.21.0->-r requirements.txt (line 57)) (3.23.0)
Requirement already satisfied: amqp<6.0.0,>=5.1.1 in ./venv/lib/python3.13/site-packages (from kombu<6.0,>=5.3.4->celery==5.4.0->-r requirements.txt (line 67)) (5.3.1)
Requirement already satisfied: annotated-types>=0.6.0 in ./venv/lib/python3.13/site-packages (from pydantic!=1.8,!=1.8.1,!=2.0.0,!=2.0.1,!=2.1.0,<3.0.0,>=1.7.4->fastapi==0.115.6->-r requirements.txt (line 13)) (0.7.0)
Requirement already satisfied: pydantic-core==2.41.5 in ./venv/lib/python3.13/site-packages (from pydantic!=1.8,!=1.8.1,!=2.0.0,!=2.0.1,!=2.1.0,<3.0.0,>=1.7.4->fastapi==0.115.6->-r requirements.txt (line 13)) (2.41.5)
Requirement already satisfied: typing-inspection>=0.4.2 in ./venv/lib/python3.13/site-packages (from pydantic!=1.8,!=1.8.1,!=2.0.0,!=2.0.1,!=2.1.0,<3.0.0,>=1.7.4->fastapi==0.115.6->-r requirements.txt (line 13)) (0.4.2)
Requirement already satisfied: six>=1.5 in ./venv/lib/python3.13/site-packages (from python-dateutil>=2.8.2->pandas==2.2.3->-r requirements.txt (line 23)) (1.17.0)
Requirement already satisfied: attrs>=23.2.0 in ./venv/lib/python3.13/site-packages (from trio~=0.17->selenium==4.27.1->-r requirements.txt (line 2)) (25.4.0)
Requirement already satisfied: sortedcontainers in ./venv/lib/python3.13/site-packages (from trio~=0.17->selenium==4.27.1->-r requirements.txt (line 2)) (2.4.0)
Requirement already satisfied: outcome in ./venv/lib/python3.13/site-packages (from trio~=0.17->selenium==4.27.1->-r requirements.txt (line 2)) (1.3.0.post0)
Requirement already satisfied: wsproto>=0.14 in ./venv/lib/python3.13/site-packages (from trio-websocket~=0.9->selenium==4.27.1->-r requirements.txt (line 2)) (1.3.2)
Requirement already satisfied: pysocks!=1.5.7,<2.0,>=1.5.6 in ./venv/lib/python3.13/site-packages (from urllib3[socks]<3,>=1.26->selenium==4.27.1->-r requirements.txt (line 2)) (1.7.1)
Requirement already satisfied: aiohappyeyeballs>=2.5.0 in ./venv/lib/python3.13/site-packages (from aiohttp>=3.7.4.post0->web3==6.15.0->-r requirements.txt (line 64)) (2.6.1)
Requirement already satisfied: aiosignal>=1.4.0 in ./venv/lib/python3.13/site-packages (from aiohttp>=3.7.4.post0->web3==6.15.0->-r requirements.txt (line 64)) (1.4.0)
Requirement already satisfied: frozenlist>=1.1.1 in ./venv/lib/python3.13/site-packages (from aiohttp>=3.7.4.post0->web3==6.15.0->-r requirements.txt (line 64)) (1.8.0)
Requirement already satisfied: multidict<7.0,>=4.5 in ./venv/lib/python3.13/site-packages (from aiohttp>=3.7.4.post0->web3==6.15.0->-r requirements.txt (line 64)) (6.7.0)
Requirement already satisfied: propcache>=0.2.0 in ./venv/lib/python3.13/site-packages (from aiohttp>=3.7.4.post0->web3==6.15.0->-r requirements.txt (line 64)) (0.4.1)
Requirement already satisfied: yarl<2.0,>=1.17.0 in ./venv/lib/python3.13/site-packages (from aiohttp>=3.7.4.post0->web3==6.15.0->-r requirements.txt (line 64)) (1.22.0)
Requirement already satisfied: pycparser in ./venv/lib/python3.13/site-packages (from cffi>=1.12->cryptography==43.0.1->-r requirements.txt (line 72)) (2.23)
Requirement already satisfied: prompt-toolkit>=3.0.36 in ./venv/lib/python3.13/site-packages (from click-repl>=0.2.0->celery==5.4.0->-r requirements.txt (line 67)) (3.0.52)
Requirement already satisfied: parsimonious<0.11.0,>=0.10.0 in ./venv/lib/python3.13/site-packages (from eth-abi>=4.0.0->web3==6.15.0->-r requirements.txt (line 64)) (0.10.0)
Requirement already satisfied: regex>=2022.3.15 in ./venv/lib/python3.13/site-packages (from parsimonious<0.11.0,>=0.10.0->eth-abi>=4.0.0->web3==6.15.0->-r requirements.txt (line 64)) (2025.11.3)
Requirement already satisfied: bitarray>=2.4.0 in ./venv/lib/python3.13/site-packages (from eth-account>=0.8.0->web3==6.15.0->-r requirements.txt (line 64)) (3.8.0)
Requirement already satisfied: eth-keyfile>=0.6.0 in ./venv/lib/python3.13/site-packages (from eth-account>=0.8.0->web3==6.15.0->-r requirements.txt (line 64)) (0.9.1)
Requirement already satisfied: eth-keys>=0.4.0 in ./venv/lib/python3.13/site-packages (from eth-account>=0.8.0->web3==6.15.0->-r requirements.txt (line 64)) (0.7.0)
Requirement already satisfied: eth-rlp>=0.3.0 in ./venv/lib/python3.13/site-packages (from eth-account>=0.8.0->web3==6.15.0->-r requirements.txt (line 64)) (1.0.1)
Requirement already satisfied: rlp>=1.0.0 in ./venv/lib/python3.13/site-packages (from eth-account>=0.8.0->web3==6.15.0->-r requirements.txt (line 64)) (4.1.0)
Requirement already satisfied: ckzg<2,>=0.4.3 in ./venv/lib/python3.13/site-packages (from eth-account>=0.8.0->web3==6.15.0->-r requirements.txt (line 64)) (1.0.2)
Requirement already satisfied: pycryptodome<4,>=3.6.6 in ./venv/lib/python3.13/site-packages (from eth-hash[pycryptodome]>=0.5.1->web3==6.15.0->-r requirements.txt (line 64)) (3.23.0)
Requirement already satisfied: py_ecc>=5.2.0 in ./venv/lib/python3.13/site-packages (from eth-keyfile>=0.6.0->eth-account>=0.8.0->web3==6.15.0->-r requirements.txt (line 64)) (8.0.0)
Requirement already satisfied: cytoolz>=0.10.1 in ./venv/lib/python3.13/site-packages (from eth-utils>=2.1.0->web3==6.15.0->-r requirements.txt (line 64)) (1.1.0)
Requirement already satisfied: toolz>=0.8.0 in ./venv/lib/python3.13/site-packages (from cytoolz>=0.10.1->eth-utils>=2.1.0->web3==6.15.0->-r requirements.txt (line 64)) (1.1.0)
Requirement already satisfied: MarkupSafe>=2.0 in ./venv/lib/python3.13/site-packages (from Jinja2>=3.1.2->flask==3.1.0->-r requirements.txt (line 11)) (3.0.3)
Requirement already satisfied: jsonschema-specifications>=2023.03.6 in ./venv/lib/python3.13/site-packages (from jsonschema>=4.0.0->web3==6.15.0->-r requirements.txt (line 64)) (2025.9.1)
Requirement already satisfied: referencing>=0.28.4 in ./venv/lib/python3.13/site-packages (from jsonschema>=4.0.0->web3==6.15.0->-r requirements.txt (line 64)) (0.37.0)
Requirement already satisfied: rpds-py>=0.7.1 in ./venv/lib/python3.13/site-packages (from jsonschema>=4.0.0->web3==6.15.0->-r requirements.txt (line 64)) (0.30.0)
Requirement already satisfied: wcwidth in ./venv/lib/python3.13/site-packages (from prompt-toolkit>=3.0.36->click-repl>=0.2.0->celery==5.4.0->-r requirements.txt (line 67)) (0.2.14)
time="2025-12-23T01:57:03+02:00" level=warning msg="/root/git/competitive-intelligence/docker-compose.dev.yml: `version` is obsolete"
 Container ci-postgres-dev  Creating
 Container ci-redis-dev  Creating
 Container ci-rabbit-dev  Created
 Container ci-postgres-dev  Created
 Container ci-redis-dev  Created
 Container ci-rabbit-dev  Starting
 Container ci-redis-dev  Starting
 Container ci-postgres-dev  Starting
 Container ci-rabbit-dev  Started
 Container ci-postgres-dev  Started
 Container ci-redis-dev  Started
time="2025-12-23T01:57:14+02:00" level=warning msg="/root/git/competitive-intelligence/docker-compose.dev.yml: `version` is obsolete"
NAME              IMAGE                          COMMAND                  SERVICE    CREATED          STATUS                             PORTS
ci-postgres-dev   postgres:15-alpine             "docker-entrypoint.s…"   postgres   10 seconds ago   Up 10 seconds (healthy)            0.0.0.0:5432->5432/tcp, :::5432->5432/tcp
ci-rabbit-dev     rabbitmq:3-management-alpine   "docker-entrypoint.s…"   rabbitmq   6 minutes ago    Up 10 seconds (health: starting)   4369/tcp, 5671/tcp, 0.0.0.0:5672->5672/tcp, :::5672->5672/tcp, 15671/tcp, 15691-15692/tcp, 25672/tcp, 0.0.0.0:15672->15672/tcp, :::15672->15672/tcp
ci-redis-dev      redis:7-alpine                 "docker-entrypoint.s…"   redis      10 seconds ago   Up 10 seconds (healthy)            0.0.0.0:6379->6379/tcp, :::6379->6379/tcp
ERROR: Pidfile (logs/celery/worker.pid) already exists.
Seems we're already running? (pid: 946505)
ERROR: Pidfile (logs/celery/beat.pid) already exists.
Seems we're already running? (pid: 946622)

NAME              IMAGE                          COMMAND                  SERVICE    CREATED              STATUS                                 PORTS
ci-postgres-dev   postgres:15-alpine             "docker-entrypoint.s…"   postgres   About a minute ago   Up About a minute (healthy)            0.0.0.0:5432->5432/tcp, :::5432->5432/tcp
ci-rabbit-dev     rabbitmq:3-management-alpine   "docker-entrypoint.s…"   rabbitmq   7 minutes ago        Up About a minute (health: starting)   4369/tcp, 5671/tcp, 0.0.0.0:5672->5672/tcp, :::5672->5672/tcp, 15671/tcp, 15691-15692/tcp, 25672/tcp, 0.0.0.0:15672->15672/tcp, :::15672->15672/tcp
ci-redis-dev      redis:7-alpine                 "docker-entrypoint.s…"   redis      About a minute ago   Up About a minute (healthy)            0.0.0.0:6379->6379/tcp, :::6379->6379/tcp

✅ Celery Worker: 946505
✅ FastAPI Backend: 956690
✅ Frontend: 920404
947602
957420

❌ Backend Health: FAILED
❌ Frontend: FAILED
